Loading Flickr30K dataset...
Total: 31014, Train: 28600, Test: 2414

======================================================================
Training physnet_step60: obj_size=428, n_pos=36
======================================================================
PhysNet parameters: 25,204,820
  Step 100/3000, loss=0.079905, lr=0.000199, time=61s
  Step 200/3000, loss=0.071870, lr=0.000198, time=120s
  Step 300/3000, loss=0.064600, lr=0.000195, time=180s
  Step 400/3000, loss=0.061709, lr=0.000191, time=239s
  Step 500/3000, loss=0.066931, lr=0.000187, time=299s
  >> Val: Amp=0.2105±0.0214, Phase=0.4597±0.1748
  Step 600/3000, loss=0.064056, lr=0.000181, time=362s
  Step 700/3000, loss=0.057706, lr=0.000175, time=421s
  Step 800/3000, loss=0.060107, lr=0.000167, time=481s
  Step 900/3000, loss=0.051933, lr=0.000159, time=540s
  Step 1000/3000, loss=0.060722, lr=0.000150, time=599s
  >> Val: Amp=0.1149±0.0216, Phase=0.3983±0.1642
  Step 1100/3000, loss=0.056546, lr=0.000141, time=662s
  Step 1200/3000, loss=0.057476, lr=0.000132, time=722s
  Step 1300/3000, loss=0.053999, lr=0.000122, time=782s
  Step 1400/3000, loss=0.056643, lr=0.000111, time=841s
  Step 1500/3000, loss=0.053749, lr=0.000101, time=901s
  >> Val: Amp=0.1040±0.0230, Phase=0.3527±0.1398
  Step 1600/3000, loss=0.055142, lr=0.000091, time=964s
  Step 1700/3000, loss=0.056514, lr=0.000080, time=1023s
  Step 1800/3000, loss=0.058994, lr=0.000070, time=1082s
  Step 1900/3000, loss=0.058904, lr=0.000061, time=1142s
  Step 2000/3000, loss=0.055943, lr=0.000051, time=1201s
  >> Val: Amp=0.1084±0.0224, Phase=0.3591±0.1388
  Step 2100/3000, loss=0.053089, lr=0.000043, time=1264s
  Step 2200/3000, loss=0.052417, lr=0.000035, time=1323s
  Step 2300/3000, loss=0.059017, lr=0.000027, time=1383s
  Step 2400/3000, loss=0.047910, lr=0.000021, time=1443s
  Step 2500/3000, loss=0.064002, lr=0.000015, time=1502s
  >> Val: Amp=0.0996±0.0231, Phase=0.3453±0.1385
  Step 2600/3000, loss=0.059581, lr=0.000011, time=1565s
  Step 2700/3000, loss=0.057043, lr=0.000007, time=1625s
