Loading Flickr30K dataset...
Total: 31014, Train: 28600, Test: 2414

======================================================================
Training physnet_step60: obj_size=428, n_pos=36
======================================================================
PhysNet parameters: 25,204,820
  Step 100/3000, loss=0.069007, lr=0.000150, dft_w=0.099, time=62s
  Step 200/3000, loss=0.057843, lr=0.000300, dft_w=0.199, time=123s
  Step 300/3000, loss=0.050490, lr=0.000299, dft_w=0.299, time=184s
  Step 400/3000, loss=0.045982, lr=0.000296, dft_w=0.399, time=244s
  Step 500/3000, loss=0.038119, lr=0.000292, dft_w=0.499, time=305s
  >> Val: Amp=0.1629±0.0170, Phase=0.3408±0.1096
  Step 600/3000, loss=0.045817, lr=0.000285, dft_w=0.500, time=369s
  Step 700/3000, loss=0.039724, lr=0.000277, dft_w=0.500, time=430s
  Step 800/3000, loss=0.043117, lr=0.000267, dft_w=0.500, time=491s
  Step 900/3000, loss=0.035689, lr=0.000256, dft_w=0.500, time=552s
  Step 1000/3000, loss=0.033634, lr=0.000244, dft_w=0.500, time=612s
  >> Val: Amp=0.1641±0.0174, Phase=0.4082±0.1027
  Step 1100/3000, loss=0.039647, lr=0.000230, dft_w=0.500, time=677s
  Step 1200/3000, loss=0.036183, lr=0.000215, dft_w=0.500, time=738s
  Step 1300/3000, loss=0.035640, lr=0.000200, dft_w=0.500, time=799s
  Step 1400/3000, loss=0.036042, lr=0.000183, dft_w=0.500, time=859s
  Step 1500/3000, loss=0.038295, lr=0.000167, dft_w=0.500, time=920s
  >> Val: Amp=0.1210±0.0145, Phase=0.3408±0.0731
  Step 1600/3000, loss=0.044678, lr=0.000150, dft_w=0.500, time=985s
  Step 1700/3000, loss=0.033919, lr=0.000133, dft_w=0.500, time=1045s
  Step 1800/3000, loss=0.032325, lr=0.000117, dft_w=0.500, time=1106s
  Step 1900/3000, loss=0.034806, lr=0.000100, dft_w=0.500, time=1167s
  Step 2000/3000, loss=0.032200, lr=0.000085, dft_w=0.500, time=1228s
  >> Val: Amp=0.0958±0.0174, Phase=0.2909±0.0804
  Step 2100/3000, loss=0.041381, lr=0.000070, dft_w=0.500, time=1292s
  Step 2200/3000, loss=0.033317, lr=0.000056, dft_w=0.500, time=1353s
  Step 2300/3000, loss=0.035883, lr=0.000044, dft_w=0.500, time=1414s
  Step 2400/3000, loss=0.034446, lr=0.000033, dft_w=0.500, time=1475s
  Step 2500/3000, loss=0.032083, lr=0.000023, dft_w=0.500, time=1536s
  >> Val: Amp=0.0817±0.0191, Phase=0.2472±0.0726
  Step 2600/3000, loss=0.032289, lr=0.000015, dft_w=0.500, time=1601s
  Step 2700/3000, loss=0.030364, lr=0.000008, dft_w=0.500, time=1661s
